[debug] [2022-10-31T14:49:01.298Z] ----------------------------------------------------------------------
[debug] [2022-10-31T14:49:01.298Z] Command:       /usr/local/bin/node /usr/local/bin/firebase init hosting
[debug] [2022-10-31T14:49:01.299Z] CLI Version:   11.15.0
[debug] [2022-10-31T14:49:01.299Z] Platform:      darwin
[debug] [2022-10-31T14:49:01.299Z] Node Version:  v16.17.0
[debug] [2022-10-31T14:49:01.303Z] Time:          Mon Oct 31 2022 14:49:01 GMT+0000 (Greenwich Mean Time)
[debug] [2022-10-31T14:49:01.303Z] ----------------------------------------------------------------------
[debug] 
[debug] [2022-10-31T14:49:01.306Z] > command requires scopes: ["email","openid","https://www.googleapis.com/auth/cloudplatformprojects.readonly","https://www.googleapis.com/auth/firebase","https://www.googleapis.com/auth/cloud-platform"]
[debug] [2022-10-31T14:49:01.307Z] > authorizing via signed-in user (atticus.cox1999@gmail.com)
[info] 
     ######## #### ########  ######## ########     ###     ######  ########
     ##        ##  ##     ## ##       ##     ##  ##   ##  ##       ##
     ######    ##  ########  ######   ########  #########  ######  ######
     ##        ##  ##    ##  ##       ##     ## ##     ##       ## ##
     ##       #### ##     ## ######## ########  ##     ##  ######  ########

You're about to initialize a Firebase project in this directory:

  /Users/atticus/Desktop/Brainstation/dev/filmgenx/server

[info] 
=== Project Setup
[info] 
[info] First, let's associate this project directory with a Firebase project.
[info] You can create multiple project aliases by running firebase use --add, 
[info] but for now we'll just set up a default project.
[info] 
[debug] [2022-10-31T14:49:17.382Z] >>> [apiv2][query] GET https://firebase.googleapis.com/v1beta1/projects pageSize=100
[debug] [2022-10-31T14:49:17.867Z] <<< [apiv2][status] GET https://firebase.googleapis.com/v1beta1/projects 200
[debug] [2022-10-31T14:49:17.867Z] <<< [apiv2][body] GET https://firebase.googleapis.com/v1beta1/projects [omitted]
[info] i  Using project filmgenx-3b017 (FilmGenx) 
[info] 
=== Hosting Setup
[info] 
[info] Your public directory is the folder (relative to your project directory) that
[info] will contain Hosting assets to be uploaded with firebase deploy. If you
[info] have a build process for your assets, use your build's output directory.
[info] 
[debug] [2022-11-01T10:02:39.921Z] >>> [apiv2][query] GET https://www.gstatic.com/firebasejs/releases.json [none]
[debug] [2022-11-01T10:02:40.173Z] <<< [apiv2][status] GET https://www.gstatic.com/firebasejs/releases.json 200
[debug] [2022-11-01T10:02:40.173Z] <<< [apiv2][body] GET https://www.gstatic.com/firebasejs/releases.json {"current":{"version":"9.13.0","browserURL":"https://www.gstatic.com/firebasejs/9.13.0/firebase.js","packageURL":"https://www.gstatic.com/firebasejs/9.13.0/firebase.tgz"},"live":{"version":"9.13","browserURL":"https://www.gstatic.com/firebasejs/live/9.13/firebase.js","packageURL":"https://www.gstatic.com/firebasejs/live/9.13/firebase.tgz"},"components":{"analytics":"https://www.gstatic.com/firebasejs/9.13.0/firebase-analytics.js","app":"https://www.gstatic.com/firebasejs/9.13.0/firebase-app.js","app-check":"https://www.gstatic.com/firebasejs/9.13.0/firebase-app-check.js","auth":"https://www.gstatic.com/firebasejs/9.13.0/firebase-auth.js","auth/cordova":"https://www.gstatic.com/firebasejs/9.13.0/firebase-auth/cordova.js","auth/react-native":"https://www.gstatic.com/firebasejs/9.13.0/firebase-auth/react-native.js","functions":"https://www.gstatic.com/firebasejs/9.13.0/firebase-functions.js","firestore":"https://www.gstatic.com/firebasejs/9.13.0/firebase-firestore.js","firestore/lite":"https://www.gstatic.com/firebasejs/9.13.0/firebase-firestore/lite.js","installations":"https://www.gstatic.com/firebasejs/9.13.0/firebase-installations.js","storage":"https://www.gstatic.com/firebasejs/9.13.0/firebase-storage.js","performance":"https://www.gstatic.com/firebasejs/9.13.0/firebase-performance.js","remote-config":"https://www.gstatic.com/firebasejs/9.13.0/firebase-remote-config.js","messaging":"https://www.gstatic.com/firebasejs/9.13.0/firebase-messaging.js","messaging/sw":"https://www.gstatic.com/firebasejs/9.13.0/firebase-messaging/sw.js","database":"https://www.gstatic.com/firebasejs/9.13.0/firebase-database.js","firestore.memory":"https://www.gstatic.com/firebasejs/9.13.0/firebase-firestore.memory.js"}}
[info] ✔  Wrote public/index.html 
[info] 
[info] i  Didn't detect a .git folder. Assuming /Users/atticus/Desktop/Brainstation/dev/filmgenx/server is the project root. 
[info] i  Authorizing with GitHub to upload your service account to a GitHub repository's secrets store. 
[info] 
[info] Visit this URL on this device to log in:
[info] https://github.com/login/oauth/authorize?client_id=89cf50f02ac6aaed3484&state=685146954&redirect_uri=http%3A%2F%2Flocalhost%3A9005&scope=read%3Auser%20repo%20public_repo
[info] 
[info] Waiting for authentication...
[debug] [2022-11-01T10:02:53.197Z] >>> [apiv2][query] POST https://github.com/login/oauth/access_token [none]
[debug] [2022-11-01T10:02:53.197Z] >>> [apiv2][body] POST https://github.com/login/oauth/access_token [stream]
[debug] [2022-11-01T10:02:53.578Z] <<< [apiv2][status] POST https://github.com/login/oauth/access_token 200
[debug] [2022-11-01T10:02:53.578Z] <<< [apiv2][body] POST https://github.com/login/oauth/access_token {"access_token":"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","token_type":"bearer","scope":"read:user,repo"}
[debug] [2022-11-01T10:02:53.604Z] >>> [apiv2][query] GET https://api.github.com/user [none]
[debug] [2022-11-01T10:02:53.975Z] <<< [apiv2][status] GET https://api.github.com/user 200
[debug] [2022-11-01T10:02:53.975Z] <<< [apiv2][body] GET https://api.github.com/user {"login":"AtticusCox","id":112552513,"node_id":"U_kgDOBrVqQQ","avatar_url":"https://avatars.githubusercontent.com/u/112552513?v=4","gravatar_id":"","url":"https://api.github.com/users/AtticusCox","html_url":"https://github.com/AtticusCox","followers_url":"https://api.github.com/users/AtticusCox/followers","following_url":"https://api.github.com/users/AtticusCox/following{/other_user}","gists_url":"https://api.github.com/users/AtticusCox/gists{/gist_id}","starred_url":"https://api.github.com/users/AtticusCox/starred{/owner}{/repo}","subscriptions_url":"https://api.github.com/users/AtticusCox/subscriptions","organizations_url":"https://api.github.com/users/AtticusCox/orgs","repos_url":"https://api.github.com/users/AtticusCox/repos","events_url":"https://api.github.com/users/AtticusCox/events{/privacy}","received_events_url":"https://api.github.com/users/AtticusCox/received_events","type":"User","site_admin":false,"name":null,"company":null,"blog":"","location":null,"email":null,"hireable":null,"bio":null,"twitter_username":null,"public_repos":1,"public_gists":0,"followers":0,"following":0,"created_at":"2022-08-31T10:38:46Z","updated_at":"2022-10-13T14:20:23Z","private_gists":0,"total_private_repos":6,"owned_private_repos":6,"disk_usage":101203,"collaborators":3,"two_factor_authentication":false,"plan":{"name":"free","space":976562499,"collaborators":0,"private_repos":10000}}
[info] 
[info] ✔  Success! Logged into GitHub as AtticusCox 
[info] 
[debug] [2022-11-01T10:04:13.422Z] >>> [apiv2][query] GET https://api.github.com/repos/AtticusCox/filmgenx_server/actions/secrets/public-key type=owner
[debug] [2022-11-01T10:04:13.683Z] <<< [apiv2][status] GET https://api.github.com/repos/AtticusCox/filmgenx_server/actions/secrets/public-key 404
[debug] [2022-11-01T10:04:13.683Z] <<< [apiv2][body] GET https://api.github.com/repos/AtticusCox/filmgenx_server/actions/secrets/public-key {"message":"Not Found","documentation_url":"https://docs.github.com/rest/reference/actions#get-a-repository-public-key"}
[debug] [2022-11-01T10:04:24.238Z] >>> [apiv2][query] GET https://api.github.com/repos/AtticusCox/filmgenx_server/actions/secrets/public-key type=owner
[debug] [2022-11-01T10:04:24.444Z] <<< [apiv2][status] GET https://api.github.com/repos/AtticusCox/filmgenx_server/actions/secrets/public-key 404
[debug] [2022-11-01T10:04:24.444Z] <<< [apiv2][body] GET https://api.github.com/repos/AtticusCox/filmgenx_server/actions/secrets/public-key {"message":"Not Found","documentation_url":"https://docs.github.com/rest/reference/actions#get-a-repository-public-key"}
